<?xml version="1.0" encoding="UTF-8"?>
<!-- Generated by org.testng.reporters.JUnitXMLReporter -->
<testsuite hostname="ArpitasPC" name="GCR Shop App Test Cases" tests="8" failures="0" timestamp="19 Sep 2019 01:24:28 GMT" time="124.233" errors="0">
  <testcase name="validateLoginPageTitleTest" time="0.011" classname="testCases.GCRLoginPageTest"/>
  <testcase name="loginTest" time="5.004" classname="testCases.GCRLoginPageTest"/>
  <testcase name="clickContinueBtnTest" time="1.117" classname="testCases.GCRLoginPageTest"/>
  <testcase name="verifyCatalogPageTitleTest" time="0.011" classname="testCases.GCRCatalogPageTest"/>
  <testcase name="verifyUserLoggedInTest" time="0.46" classname="testCases.GCRCatalogPageTest"/>
  <testcase name="clickCartBtnTest" time="1.109" classname="testCases.GCRCatalogPageTest"/>
  <testcase name="clickShoppingCartLinkTest" time="0.806" classname="testCases.GCRCatalogPageTest"/>
  <testcase name="clickCheckOutBtnTest" time="0.07" classname="testCases.GCRCatalogPageTest"/>
</testsuite> <!-- GCR Shop App Test Cases -->
